生成启动时间为 2016/12/6 19:15:41。
     1>项目“D:\job\4-orbbec\David\OpenNI API整合\orbbecAPI\orbbecintegratesimple_rev1.0\Platform\Windows\Orbbecintegratesimple.vcxproj”在节点 2 上(Build 个目标)。
     1>ClCompile:
         C:\Program Files (x86)\Microsoft Visual Studio 12.0\VC\bin\CL.exe /c /I..\..\ThirdParty\OpenNI2\Include /I..\..\ThirdParty\GL\Include /I..\..\ThirdParty\XnLib\Include /I.\OpenNI2\Include /I.\GL\Include /I.\XnLib\Include /Zi /nologo /W3 /WX- /O2 /Oi /Oy- /GL /D WIN32 /D NDEBUG /D _CONSOLE /D _LIB /D _UNICODE /D UNICODE /Gm- /EHsc /MD /GS /Gy /fp:precise /Zc:wchar_t /Zc:forScope /Fo"Release\\" /Fd"Release\vc120.pdb" /Gd /TP /analyze- /errorReport:prompt ..\..\src\cmd.cpp ..\..\src\main.cpp ..\..\src\SimpleViewer.cpp
         cmd.cpp
         main.cpp
         SimpleViewer.cpp
       Link:
         C:\Program Files (x86)\Microsoft Visual Studio 12.0\VC\bin\link.exe /ERRORREPORT:PROMPT /OUT:"D:\job\4-orbbec\David\OpenNI API整合\orbbecAPI\orbbecintegratesimple_rev1.0\Platform\Windows\Bin\Release\Orbbecintegratesimple.exe" /INCREMENTAL:NO /NOLOGO /LIBPATH:..\..\ThirdParty\OpenNI2\Lib /LIBPATH:..\..\ThirdParty\GL\Lib /LIBPATH:..\..\ThirdParty\XnLib\Lib /LIBPATH:.\OpenNI2\Lib /LIBPATH:.\GL\Lib /LIBPATH:.\XnLib\Lib OpenNI2.lib glut32.lib XnLib_win32_release.lib kernel32.lib user32.lib gdi32.lib winspool.lib comdlg32.lib advapi32.lib shell32.lib ole32.lib oleaut32.lib uuid.lib odbc32.lib odbccp32.lib /MANIFEST /MANIFESTUAC:"level='asInvoker' uiAccess='false'" /manifest:embed /DEBUG /PDB:"D:\job\4-orbbec\David\OpenNI API整合\orbbecAPI\orbbecintegratesimple_rev1.0\Platform\Windows\Bin\Release\Orbbecintegratesimple.pdb" /SUBSYSTEM:CONSOLE /OPT:REF /OPT:ICF /LTCG /TLBID:1 /DYNAMICBASE /NXCOMPAT /IMPLIB:"D:\job\4-orbbec\David\OpenNI API整合\orbbecAPI\orbbecintegratesimple_rev1.0\Platform\Windows\Bin\Release\Orbbecintegratesimple.lib" /MACHINE:X86 /SAFESEH /SAFESEH:NO Release\cmd.obj
         Release\main.obj
         Release\SimpleViewer.obj
         正在生成代码
         已完成代码的生成
     1>XnLib_win32_release.lib(XnUSBWin32.obj) : warning LNK4099: 未找到 PDB“vc120.pdb”(使用“XnLib_win32_release.lib(XnUSBWin32.obj)”或在“D:\job\4-orbbec\David\OpenNI API整合\orbbecAPI\orbbecintegratesimple_rev1.0\Platform\Windows\Bin\Release\vc120.pdb”中寻找)；正在链接对象，如同没有调试信息一样
     1>XnLib_win32_release.lib(XnUSB.obj) : warning LNK4099: 未找到 PDB“vc120.pdb”(使用“XnLib_win32_release.lib(XnUSB.obj)”或在“D:\job\4-orbbec\David\OpenNI API整合\orbbecAPI\orbbecintegratesimple_rev1.0\Platform\Windows\Bin\Release\vc120.pdb”中寻找)；正在链接对象，如同没有调试信息一样
     1>XnLib_win32_release.lib(XnThreads.obj) : warning LNK4099: 未找到 PDB“vc120.pdb”(使用“XnLib_win32_release.lib(XnThreads.obj)”或在“D:\job\4-orbbec\David\OpenNI API整合\orbbecAPI\orbbecintegratesimple_rev1.0\Platform\Windows\Bin\Release\vc120.pdb”中寻找)；正在链接对象，如同没有调试信息一样
     1>XnLib_win32_release.lib(XnWin32Strings.obj) : warning LNK4099: 未找到 PDB“vc120.pdb”(使用“XnLib_win32_release.lib(XnWin32Strings.obj)”或在“D:\job\4-orbbec\David\OpenNI API整合\orbbecAPI\orbbecintegratesimple_rev1.0\Platform\Windows\Bin\Release\vc120.pdb”中寻找)；正在链接对象，如同没有调试信息一样
     1>XnLib_win32_release.lib(XnStrings.obj) : warning LNK4099: 未找到 PDB“vc120.pdb”(使用“XnLib_win32_release.lib(XnStrings.obj)”或在“D:\job\4-orbbec\David\OpenNI API整合\orbbecAPI\orbbecintegratesimple_rev1.0\Platform\Windows\Bin\Release\vc120.pdb”中寻找)；正在链接对象，如同没有调试信息一样
     1>XnLib_win32_release.lib(XnLog.obj) : warning LNK4099: 未找到 PDB“vc120.pdb”(使用“XnLib_win32_release.lib(XnLog.obj)”或在“D:\job\4-orbbec\David\OpenNI API整合\orbbecAPI\orbbecintegratesimple_rev1.0\Platform\Windows\Bin\Release\vc120.pdb”中寻找)；正在链接对象，如同没有调试信息一样
     1>XnLib_win32_release.lib(XnWin32Memory.obj) : warning LNK4099: 未找到 PDB“vc120.pdb”(使用“XnLib_win32_release.lib(XnWin32Memory.obj)”或在“D:\job\4-orbbec\David\OpenNI API整合\orbbecAPI\orbbecintegratesimple_rev1.0\Platform\Windows\Bin\Release\vc120.pdb”中寻找)；正在链接对象，如同没有调试信息一样
     1>XnLib_win32_release.lib(XnWin32Threads.obj) : warning LNK4099: 未找到 PDB“vc120.pdb”(使用“XnLib_win32_release.lib(XnWin32Threads.obj)”或在“D:\job\4-orbbec\David\OpenNI API整合\orbbecAPI\orbbecintegratesimple_rev1.0\Platform\Windows\Bin\Release\vc120.pdb”中寻找)；正在链接对象，如同没有调试信息一样
     1>XnLib_win32_release.lib(XnWin32Events.obj) : warning LNK4099: 未找到 PDB“vc120.pdb”(使用“XnLib_win32_release.lib(XnWin32Events.obj)”或在“D:\job\4-orbbec\David\OpenNI API整合\orbbecAPI\orbbecintegratesimple_rev1.0\Platform\Windows\Bin\Release\vc120.pdb”中寻找)；正在链接对象，如同没有调试信息一样
     1>XnLib_win32_release.lib(XnWin32Time.obj) : warning LNK4099: 未找到 PDB“vc120.pdb”(使用“XnLib_win32_release.lib(XnWin32Time.obj)”或在“D:\job\4-orbbec\David\OpenNI API整合\orbbecAPI\orbbecintegratesimple_rev1.0\Platform\Windows\Bin\Release\vc120.pdb”中寻找)；正在链接对象，如同没有调试信息一样
     1>XnLib_win32_release.lib(XnWin32Processes.obj) : warning LNK4099: 未找到 PDB“vc120.pdb”(使用“XnLib_win32_release.lib(XnWin32Processes.obj)”或在“D:\job\4-orbbec\David\OpenNI API整合\orbbecAPI\orbbecintegratesimple_rev1.0\Platform\Windows\Bin\Release\vc120.pdb”中寻找)；正在链接对象，如同没有调试信息一样
     1>XnLib_win32_release.lib(XnWin32Files.obj) : warning LNK4099: 未找到 PDB“vc120.pdb”(使用“XnLib_win32_release.lib(XnWin32Files.obj)”或在“D:\job\4-orbbec\David\OpenNI API整合\orbbecAPI\orbbecintegratesimple_rev1.0\Platform\Windows\Bin\Release\vc120.pdb”中寻找)；正在链接对象，如同没有调试信息一样
     1>XnLib_win32_release.lib(XnWin32CriticalSection.obj) : warning LNK4099: 未找到 PDB“vc120.pdb”(使用“XnLib_win32_release.lib(XnWin32CriticalSection.obj)”或在“D:\job\4-orbbec\David\OpenNI API整合\orbbecAPI\orbbecintegratesimple_rev1.0\Platform\Windows\Bin\Release\vc120.pdb”中寻找)；正在链接对象，如同没有调试信息一样
     1>XnLib_win32_release.lib(XnLogConsoleWriter.obj) : warning LNK4099: 未找到 PDB“vc120.pdb”(使用“XnLib_win32_release.lib(XnLogConsoleWriter.obj)”或在“D:\job\4-orbbec\David\OpenNI API整合\orbbecAPI\orbbecintegratesimple_rev1.0\Platform\Windows\Bin\Release\vc120.pdb”中寻找)；正在链接对象，如同没有调试信息一样
     1>XnLib_win32_release.lib(XnWin32INI.obj) : warning LNK4099: 未找到 PDB“vc120.pdb”(使用“XnLib_win32_release.lib(XnWin32INI.obj)”或在“D:\job\4-orbbec\David\OpenNI API整合\orbbecAPI\orbbecintegratesimple_rev1.0\Platform\Windows\Bin\Release\vc120.pdb”中寻找)；正在链接对象，如同没有调试信息一样
     1>XnLib_win32_release.lib(XnLogFileWriter.obj) : warning LNK4099: 未找到 PDB“vc120.pdb”(使用“XnLib_win32_release.lib(XnLogFileWriter.obj)”或在“D:\job\4-orbbec\David\OpenNI API整合\orbbecAPI\orbbecintegratesimple_rev1.0\Platform\Windows\Bin\Release\vc120.pdb”中寻找)；正在链接对象，如同没有调试信息一样
     1>XnLib_win32_release.lib(XnDump.obj) : warning LNK4099: 未找到 PDB“vc120.pdb”(使用“XnLib_win32_release.lib(XnDump.obj)”或在“D:\job\4-orbbec\David\OpenNI API整合\orbbecAPI\orbbecintegratesimple_rev1.0\Platform\Windows\Bin\Release\vc120.pdb”中寻找)；正在链接对象，如同没有调试信息一样
     1>XnLib_win32_release.lib(XnWin32OS.obj) : warning LNK4099: 未找到 PDB“vc120.pdb”(使用“XnLib_win32_release.lib(XnWin32OS.obj)”或在“D:\job\4-orbbec\David\OpenNI API整合\orbbecAPI\orbbecintegratesimple_rev1.0\Platform\Windows\Bin\Release\vc120.pdb”中寻找)；正在链接对象，如同没有调试信息一样
     1>XnLib_win32_release.lib(XnFiles.obj) : warning LNK4099: 未找到 PDB“vc120.pdb”(使用“XnLib_win32_release.lib(XnFiles.obj)”或在“D:\job\4-orbbec\David\OpenNI API整合\orbbecAPI\orbbecintegratesimple_rev1.0\Platform\Windows\Bin\Release\vc120.pdb”中寻找)；正在链接对象，如同没有调试信息一样
     1>XnLib_win32_release.lib(XnStatus.obj) : warning LNK4099: 未找到 PDB“vc120.pdb”(使用“XnLib_win32_release.lib(XnStatus.obj)”或在“D:\job\4-orbbec\David\OpenNI API整合\orbbecAPI\orbbecintegratesimple_rev1.0\Platform\Windows\Bin\Release\vc120.pdb”中寻找)；正在链接对象，如同没有调试信息一样
     1>XnLib_win32_release.lib(XnDumpFileWriter.obj) : warning LNK4099: 未找到 PDB“vc120.pdb”(使用“XnLib_win32_release.lib(XnDumpFileWriter.obj)”或在“D:\job\4-orbbec\David\OpenNI API整合\orbbecAPI\orbbecintegratesimple_rev1.0\Platform\Windows\Bin\Release\vc120.pdb”中寻找)；正在链接对象，如同没有调试信息一样
         Orbbecintegratesimple.vcxproj -> D:\job\4-orbbec\David\OpenNI API整合\orbbecAPI\orbbecintegratesimple_rev1.0\Platform\Windows\Bin\Release\Orbbecintegratesimple.exe
       PostBuildEvent:
         xcopy /D /S /F /Y "D:\job\4-orbbec\David\OpenNI API整合\orbbecAPI\orbbecintegratesimple_rev1.0\Platform\Windows\\redist\OpenNI2\*" "D:\job\4-orbbec\David\OpenNI API整合\orbbecAPI\orbbecintegratesimple_rev1.0\Platform\Windows\Bin\Release\"
         xcopy /D /S /F /Y "D:\job\4-orbbec\David\OpenNI API整合\orbbecAPI\orbbecintegratesimple_rev1.0\Platform\Windows\\redist\GL\*" "D:\job\4-orbbec\David\OpenNI API整合\orbbecAPI\orbbecintegratesimple_rev1.0\Platform\Windows\Bin\Release\"
         :VCEnd
         D:\job\4-orbbec\David\OpenNI API整合\orbbecAPI\orbbecintegratesimple_rev1.0\Platform\Windows\redist\OpenNI2\msvcp100.dll -> D:\job\4-orbbec\David\OpenNI API整合\orbbecAPI\orbbecintegratesimple_rev1.0\Platform\Windows\Bin\Release\msvcp100.dll
         D:\job\4-orbbec\David\OpenNI API整合\orbbecAPI\orbbecintegratesimple_rev1.0\Platform\Windows\redist\OpenNI2\msvcp100d.dll -> D:\job\4-orbbec\David\OpenNI API整合\orbbecAPI\orbbecintegratesimple_rev1.0\Platform\Windows\Bin\Release\msvcp100d.dll
         D:\job\4-orbbec\David\OpenNI API整合\orbbecAPI\orbbecintegratesimple_rev1.0\Platform\Windows\redist\OpenNI2\msvcp120.dll -> D:\job\4-orbbec\David\OpenNI API整合\orbbecAPI\orbbecintegratesimple_rev1.0\Platform\Windows\Bin\Release\msvcp120.dll
         D:\job\4-orbbec\David\OpenNI API整合\orbbecAPI\orbbecintegratesimple_rev1.0\Platform\Windows\redist\OpenNI2\msvcr100.dll -> D:\job\4-orbbec\David\OpenNI API整合\orbbecAPI\orbbecintegratesimple_rev1.0\Platform\Windows\Bin\Release\msvcr100.dll
         D:\job\4-orbbec\David\OpenNI API整合\orbbecAPI\orbbecintegratesimple_rev1.0\Platform\Windows\redist\OpenNI2\msvcr100d.dll -> D:\job\4-orbbec\David\OpenNI API整合\orbbecAPI\orbbecintegratesimple_rev1.0\Platform\Windows\Bin\Release\msvcr100d.dll
         D:\job\4-orbbec\David\OpenNI API整合\orbbecAPI\orbbecintegratesimple_rev1.0\Platform\Windows\redist\OpenNI2\msvcr120.dll -> D:\job\4-orbbec\David\OpenNI API整合\orbbecAPI\orbbecintegratesimple_rev1.0\Platform\Windows\Bin\Release\msvcr120.dll
         D:\job\4-orbbec\David\OpenNI API整合\orbbecAPI\orbbecintegratesimple_rev1.0\Platform\Windows\redist\OpenNI2\OpenNI.ini -> D:\job\4-orbbec\David\OpenNI API整合\orbbecAPI\orbbecintegratesimple_rev1.0\Platform\Windows\Bin\Release\OpenNI.ini
         D:\job\4-orbbec\David\OpenNI API整合\orbbecAPI\orbbecintegratesimple_rev1.0\Platform\Windows\redist\OpenNI2\OpenNI2.dll -> D:\job\4-orbbec\David\OpenNI API整合\orbbecAPI\orbbecintegratesimple_rev1.0\Platform\Windows\Bin\Release\OpenNI2.dll
         D:\job\4-orbbec\David\OpenNI API整合\orbbecAPI\orbbecintegratesimple_rev1.0\Platform\Windows\redist\OpenNI2\OpenNI2.jni.dll -> D:\job\4-orbbec\David\OpenNI API整合\orbbecAPI\orbbecintegratesimple_rev1.0\Platform\Windows\Bin\Release\OpenNI2.jni.dll
         D:\job\4-orbbec\David\OpenNI API整合\orbbecAPI\orbbecintegratesimple_rev1.0\Platform\Windows\redist\OpenNI2\org.openni.jar -> D:\job\4-orbbec\David\OpenNI API整合\orbbecAPI\orbbecintegratesimple_rev1.0\Platform\Windows\Bin\Release\org.openni.jar
         D:\job\4-orbbec\David\OpenNI API整合\orbbecAPI\orbbecintegratesimple_rev1.0\Platform\Windows\redist\OpenNI2\OpenNI2\Drivers\OniFile.dll -> D:\job\4-orbbec\David\OpenNI API整合\orbbecAPI\orbbecintegratesimple_rev1.0\Platform\Windows\Bin\Release\OpenNI2\Drivers\OniFile.dll
         D:\job\4-orbbec\David\OpenNI API整合\orbbecAPI\orbbecintegratesimple_rev1.0\Platform\Windows\redist\OpenNI2\OpenNI2\Drivers\OniFile.ini -> D:\job\4-orbbec\David\OpenNI API整合\orbbecAPI\orbbecintegratesimple_rev1.0\Platform\Windows\Bin\Release\OpenNI2\Drivers\OniFile.ini
         D:\job\4-orbbec\David\OpenNI API整合\orbbecAPI\orbbecintegratesimple_rev1.0\Platform\Windows\redist\OpenNI2\OpenNI2\Drivers\ORBBEC.dll -> D:\job\4-orbbec\David\OpenNI API整合\orbbecAPI\orbbecintegratesimple_rev1.0\Platform\Windows\Bin\Release\OpenNI2\Drivers\ORBBEC.dll
         D:\job\4-orbbec\David\OpenNI API整合\orbbecAPI\orbbecintegratesimple_rev1.0\Platform\Windows\redist\OpenNI2\OpenNI2\Drivers\orbbec.ini -> D:\job\4-orbbec\David\OpenNI API整合\orbbecAPI\orbbecintegratesimple_rev1.0\Platform\Windows\Bin\Release\OpenNI2\Drivers\orbbec.ini
         复制了 14 个文件
         D:\job\4-orbbec\David\OpenNI API整合\orbbecAPI\orbbecintegratesimple_rev1.0\Platform\Windows\redist\GL\glut32.dll -> D:\job\4-orbbec\David\OpenNI API整合\orbbecAPI\orbbecintegratesimple_rev1.0\Platform\Windows\Bin\Release\glut32.dll
         D:\job\4-orbbec\David\OpenNI API整合\orbbecAPI\orbbecintegratesimple_rev1.0\Platform\Windows\redist\GL\glut64.dll -> D:\job\4-orbbec\David\OpenNI API整合\orbbecAPI\orbbecintegratesimple_rev1.0\Platform\Windows\Bin\Release\glut64.dll
         复制了 2 个文件
     1>已完成生成项目“D:\job\4-orbbec\David\OpenNI API整合\orbbecAPI\orbbecintegratesimple_rev1.0\Platform\Windows\Orbbecintegratesimple.vcxproj”(Build 个目标)的操作。

生成成功。

已用时间 00:00:02.92
